-------------------------------------------------------------------------------
Test set: bookapp.restapi.BookappModelApplicationTest
-------------------------------------------------------------------------------
Tests run: 4, Failures: 3, Errors: 0, Skipped: 0, Time elapsed: 2.184 s <<< FAILURE! -- in bookapp.restapi.BookappModelApplicationTest
bookapp.restapi.BookappModelApplicationTest.testDeleteReview -- Time elapsed: 0.213 s <<< FAILURE!
java.lang.AssertionError: Status expected:<200> but was:<404>
	at org.springframework.test.util.AssertionErrors.fail(AssertionErrors.java:59)
	at org.springframework.test.util.AssertionErrors.assertEquals(AssertionErrors.java:122)
	at org.springframework.test.web.servlet.result.StatusResultMatchers.lambda$matcher$9(StatusResultMatchers.java:637)
	at org.springframework.test.web.servlet.MockMvc$1.andExpect(MockMvc.java:214)
	at bookapp.restapi@0.0.1-SNAPSHOT/bookapp.restapi.BookappModelApplicationTest.testDeleteReview(BookappModelApplicationTest.java:107)
	at java.base/java.lang.reflect.Method.invoke(Method.java:578)
	at java.base/java.util.ArrayList.forEach(ArrayList.java:1511)
	at java.base/java.util.ArrayList.forEach(ArrayList.java:1511)

bookapp.restapi.BookappModelApplicationTest.postReviewTest -- Time elapsed: 0.012 s <<< FAILURE!
java.lang.AssertionError: Status expected:<200> but was:<404>
	at org.springframework.test.util.AssertionErrors.fail(AssertionErrors.java:59)
	at org.springframework.test.util.AssertionErrors.assertEquals(AssertionErrors.java:122)
	at org.springframework.test.web.servlet.result.StatusResultMatchers.lambda$matcher$9(StatusResultMatchers.java:637)
	at org.springframework.test.web.servlet.MockMvc$1.andExpect(MockMvc.java:214)
	at bookapp.restapi@0.0.1-SNAPSHOT/bookapp.restapi.BookappModelApplicationTest.postReviewTest(BookappModelApplicationTest.java:77)
	at java.base/java.lang.reflect.Method.invoke(Method.java:578)
	at java.base/java.util.ArrayList.forEach(ArrayList.java:1511)
	at java.base/java.util.ArrayList.forEach(ArrayList.java:1511)

bookapp.restapi.BookappModelApplicationTest.getBooksTest -- Time elapsed: 0.048 s <<< FAILURE!
java.lang.AssertionError: 
JSON path "$"
Expected: a collection with size <1>
     but: collection size was <9>
	at org.hamcrest.MatcherAssert.assertThat(MatcherAssert.java:20)
	at org.springframework.test.util.JsonPathExpectationsHelper.assertValue(JsonPathExpectationsHelper.java:74)
	at org.springframework.test.web.servlet.result.JsonPathResultMatchers.lambda$value$0(JsonPathResultMatchers.java:87)
	at org.springframework.test.web.servlet.MockMvc$1.andExpect(MockMvc.java:214)
	at bookapp.restapi@0.0.1-SNAPSHOT/bookapp.restapi.BookappModelApplicationTest.getBooksTest(BookappModelApplicationTest.java:63)
	at java.base/java.lang.reflect.Method.invoke(Method.java:578)
	at java.base/java.util.ArrayList.forEach(ArrayList.java:1511)
	at java.base/java.util.ArrayList.forEach(ArrayList.java:1511)

