<?xml version="1.0" encoding="UTF-8"?>
<testsuite xmlns:xsi="http://www.w3.org/2001/XMLSchema-instance" xsi:noNamespaceSchemaLocation="https://maven.apache.org/surefire/maven-surefire-plugin/xsd/surefire-test-report-3.0.xsd" version="3.0" name="bookapp.restapi.BookappModelApplicationTest" time="2.184" tests="4" errors="0" skipped="0" failures="3">
  <properties>
[...]
</properties>
  <testcase name="testDeleteReview" classname="bookapp.restapi.BookappModelApplicationTest" time="0.213">
    <failure message="Status expected:&lt;200&gt; but was:&lt;404&gt;" type="java.lang.AssertionError"><![CDATA[java.lang.AssertionError: Status expected:<200> but was:<404>
	at org.springframework.test.util.AssertionErrors.fail(AssertionErrors.java:59)
	at org.springframework.test.util.AssertionErrors.assertEquals(AssertionErrors.java:122)
	at org.springframework.test.web.servlet.result.StatusResultMatchers.lambda$matcher$9(StatusResultMatchers.java:637)
	at org.springframework.test.web.servlet.MockMvc$1.andExpect(MockMvc.java:214)
	at bookapp.restapi@0.0.1-SNAPSHOT/bookapp.restapi.BookappModelApplicationTest.testDeleteReview(BookappModelApplicationTest.java:107)
	at java.base/java.lang.reflect.Method.invoke(Method.java:578)
	at java.base/java.util.ArrayList.forEach(ArrayList.java:1511)
	at java.base/java.util.ArrayList.forEach(ArrayList.java:1511)
]]></failure>
    <system-out><![CDATA[11:08:28.758 [main] INFO org.springframework.test.context.support.AnnotationConfigContextLoaderUtils -- Could not detect default configuration classes for test class [bookapp.restapi.BookappModelApplicationTest]: BookappModelApplicationTest does not declare any static, non-private, non-final, nested classes annotated with @Configuration.
11:08:28.864 [main] INFO org.springframework.boot.test.context.SpringBootTestContextBootstrapper -- Found @SpringBootConfiguration bookapp.restapi.BookappModelApplication for test class bookapp.restapi.BookappModelApplicationTest

  .   ____          _            __ _ _
 /\\ / ___'_ __ _ _(_)_ __  __ _ \ \ \ \
( ( )\___ | '_ | '_| | '_ \/ _` | \ \ \ \
 \\/  ___)| |_)| | | | | || (_| |  ) ) ) )
  '  |____| .__|_| |_|_| |_\__, | / / / /
 =========|_|==============|___/=/_/_/_/
 :: Spring Boot ::                (v3.1.5)

2023-11-16T11:08:29.078+01:00  INFO 77096 --- [           main] b.restapi.BookappModelApplicationTest    : Starting BookappModelApplicationTest using Java 20.0.2 with PID 77096 (started by fredrik in /Users/fredrik/Documents/Studier/NTNU/Informatikk/Informatikk prosjektarbeid I/Prosjekt/gr2349/bookapp/restapi)
2023-11-16T11:08:29.079+01:00  INFO 77096 --- [           main] b.restapi.BookappModelApplicationTest    : No active profile set, falling back to 1 default profile: "default"
2023-11-16T11:08:30.464+01:00  INFO 77096 --- [           main] o.s.b.t.m.w.SpringBootMockServletContext : Initializing Spring TestDispatcherServlet ''
2023-11-16T11:08:30.464+01:00  INFO 77096 --- [           main] o.s.t.web.servlet.TestDispatcherServlet  : Initializing Servlet ''
2023-11-16T11:08:30.465+01:00  INFO 77096 --- [           main] o.s.t.web.servlet.TestDispatcherServlet  : Completed initialization in 1 ms
2023-11-16T11:08:30.489+01:00  INFO 77096 --- [           main] b.restapi.BookappModelApplicationTest    : Started BookappModelApplicationTest in 1.582 seconds (process running for 2.324)

MockHttpServletRequest:
      HTTP Method = DELETE
      Request URI = /api/books/delete/Sample%2520book/Sample%2520User
       Parameters = {}
          Headers = []
             Body = null
    Session Attrs = {}

Handler:
             Type = bookapp.restapi.BookappModelController
           Method = bookapp.restapi.BookappModelController#deleteReview(String, String)

Async:
    Async started = false
     Async result = null

Resolved Exception:
             Type = null

ModelAndView:
        View name = null
             View = null
            Model = null

FlashMap:
       Attributes = null

MockHttpServletResponse:
           Status = 404
    Error message = null
          Headers = []
     Content type = null
             Body = 
    Forwarded URL = null
   Redirected URL = null
          Cookies = []

MockHttpServletRequest:
      HTTP Method = DELETE
      Request URI = /api/books/delete/wrongbook/Sample%2520User
       Parameters = {}
          Headers = []
             Body = null
    Session Attrs = {}

Handler:
             Type = bookapp.restapi.BookappModelController
           Method = bookapp.restapi.BookappModelController#deleteReview(String, String)

Async:
    Async started = false
     Async result = null

Resolved Exception:
             Type = null

ModelAndView:
        View name = null
             View = null
            Model = null

FlashMap:
       Attributes = null

MockHttpServletResponse:
           Status = 404
    Error message = null
          Headers = []
     Content type = null
             Body = 
    Forwarded URL = null
   Redirected URL = null
          Cookies = []

MockHttpServletRequest:
      HTTP Method = DELETE
      Request URI = /api/books/delete/Sample%2520book/Sample%2520User
       Parameters = {}
          Headers = []
             Body = null
    Session Attrs = {}

Handler:
             Type = bookapp.restapi.BookappModelController
           Method = bookapp.restapi.BookappModelController#deleteReview(String, String)

Async:
    Async started = false
     Async result = null

Resolved Exception:
             Type = null

ModelAndView:
        View name = null
             View = null
            Model = null

FlashMap:
       Attributes = null

MockHttpServletResponse:
           Status = 404
    Error message = null
          Headers = []
     Content type = null
             Body = 
    Forwarded URL = null
   Redirected URL = null
          Cookies = []
]]></system-out>
  </testcase>
  <testcase name="testUpdateLibrary" classname="bookapp.restapi.BookappModelApplicationTest" time="0.032">
    <system-out><![CDATA[[Sample book
Skrevet av: Author
Gjennomsnittsvurdering: 0.0]
]]></system-out>
  </testcase>
  <testcase name="postReviewTest" classname="bookapp.restapi.BookappModelApplicationTest" time="0.012">
    <failure message="Status expected:&lt;200&gt; but was:&lt;404&gt;" type="java.lang.AssertionError"><![CDATA[java.lang.AssertionError: Status expected:<200> but was:<404>
	at org.springframework.test.util.AssertionErrors.fail(AssertionErrors.java:59)
	at org.springframework.test.util.AssertionErrors.assertEquals(AssertionErrors.java:122)
	at org.springframework.test.web.servlet.result.StatusResultMatchers.lambda$matcher$9(StatusResultMatchers.java:637)
	at org.springframework.test.web.servlet.MockMvc$1.andExpect(MockMvc.java:214)
	at bookapp.restapi@0.0.1-SNAPSHOT/bookapp.restapi.BookappModelApplicationTest.postReviewTest(BookappModelApplicationTest.java:77)
	at java.base/java.lang.reflect.Method.invoke(Method.java:578)
	at java.base/java.util.ArrayList.forEach(ArrayList.java:1511)
	at java.base/java.util.ArrayList.forEach(ArrayList.java:1511)
]]></failure>
    <system-out><![CDATA[2023-11-16T11:08:30.752+01:00  WARN 77096 --- [           main] ocalVariableTableParameterNameDiscoverer : Using deprecated '-debug' fallback for parameter name resolution. Compile the affected code with '-parameters' instead or avoid its introspection: bookapp.restapi.BookappModelController

MockHttpServletRequest:
      HTTP Method = POST
      Request URI = /api/books/post/Sample%2520book
       Parameters = {}
          Headers = [Content-Type:"application/json;charset=UTF-8", Content-Length:"39"]
             Body = {"reviewer":{"name":"User"},"rating":2}
    Session Attrs = {}

Handler:
             Type = bookapp.restapi.BookappModelController
           Method = bookapp.restapi.BookappModelController#postReview(String, BookReview)

Async:
    Async started = false
     Async result = null

Resolved Exception:
             Type = null

ModelAndView:
        View name = null
             View = null
            Model = null

FlashMap:
       Attributes = null

MockHttpServletResponse:
           Status = 404
    Error message = null
          Headers = []
     Content type = null
             Body = 
    Forwarded URL = null
   Redirected URL = null
          Cookies = []
]]></system-out>
  </testcase>
  <testcase name="getBooksTest" classname="bookapp.restapi.BookappModelApplicationTest" time="0.048">
    <failure message="JSON path &quot;$&quot;&#10;Expected: a collection with size &lt;1&gt;&#10;     but: collection size was &lt;9&gt;" type="java.lang.AssertionError"><![CDATA[java.lang.AssertionError: 
JSON path "$"
Expected: a collection with size <1>
     but: collection size was <9>
	at org.hamcrest.MatcherAssert.assertThat(MatcherAssert.java:20)
	at org.springframework.test.util.JsonPathExpectationsHelper.assertValue(JsonPathExpectationsHelper.java:74)
	at org.springframework.test.web.servlet.result.JsonPathResultMatchers.lambda$value$0(JsonPathResultMatchers.java:87)
	at org.springframework.test.web.servlet.MockMvc$1.andExpect(MockMvc.java:214)
	at bookapp.restapi@0.0.1-SNAPSHOT/bookapp.restapi.BookappModelApplicationTest.getBooksTest(BookappModelApplicationTest.java:63)
	at java.base/java.lang.reflect.Method.invoke(Method.java:578)
	at java.base/java.util.ArrayList.forEach(ArrayList.java:1511)
	at java.base/java.util.ArrayList.forEach(ArrayList.java:1511)
]]></failure>
    <system-out><![CDATA[
MockHttpServletRequest:
      HTTP Method = GET
      Request URI = /api/books/fetchList
       Parameters = {}
          Headers = []
             Body = null
    Session Attrs = {}

Handler:
             Type = bookapp.restapi.BookappModelController
           Method = bookapp.restapi.BookappModelController#getBook()

Async:
    Async started = false
     Async result = null

Resolved Exception:
             Type = null

ModelAndView:
        View name = null
             View = null
            Model = null

FlashMap:
       Attributes = null

MockHttpServletResponse:
           Status = 200
    Error message = null
          Headers = [Content-Type:"application/json"]
     Content type = application/json
             Body = [{"title":"The Hunger Games","author":"Suzanne Collins","reviews":[]},{"title":"Catching Fire","author":"Suzanne Collins","reviews":[]},{"title":"Mockingjay","author":"Suzanne Collins","reviews":[]},{"title":"To Kill a Mockingbird","author":"Harper Lee","reviews":[]},{"title":"The Book Thief","author":"Markus Zusak","reviews":[]},{"title":"New Moon","author":"Stephanie Meyer","reviews":[]},{"title":"1984","author":"George Orwell","reviews":[]},{"title":"The Kite Runner","author":"Khaled Hosseini","reviews":[]},{"title":"Maskiner som tenker","author":"Inga Stromke","reviews":[]}]
    Forwarded URL = null
   Redirected URL = null
          Cookies = []
]]></system-out>
  </testcase>
</testsuite>