<?xml version="1.0" encoding="UTF-8"?>
<testsuite xmlns:xsi="http://www.w3.org/2001/XMLSchema-instance" xsi:noNamespaceSchemaLocation="https://maven.apache.org/surefire/maven-surefire-plugin/xsd/surefire-test-report-3.0.xsd" version="3.0" name="bookapp.restapi.FileHandlerTest" time="0.035" tests="5" errors="0" skipped="0" failures="0">
  <properties>
[...]
</properties>
  <testcase name="testUpdateBook" classname="bookapp.restapi.FileHandlerTest" time="0.022">
    <system-out><![CDATA[Library file not found. Creating...
]]></system-out>
  </testcase>
  <testcase name="testCreateLibrary" classname="bookapp.restapi.FileHandlerTest" time="0.004">
    <system-out><![CDATA[Library file not found. Creating...
]]></system-out>
  </testcase>
  <testcase name="testGetFilePath" classname="bookapp.restapi.FileHandlerTest" time="0.0"/>
  <testcase name="readFromBooksFromFile" classname="bookapp.restapi.FileHandlerTest" time="0.003">
    <system-out><![CDATA[Library file not found. Creating...
]]></system-out>
  </testcase>
  <testcase name="testGetBookFromFile" classname="bookapp.restapi.FileHandlerTest" time="0.003"/>
</testsuite>